c:\users\template_legacy\documents\game projects\globalgamejam2015\debug\vc140.pdb
c:\users\template_legacy\documents\game projects\globalgamejam2015\debug\vc140.idb
c:\users\template_legacy\documents\game projects\globalgamejam2015\debug\bullet.obj
c:\users\template_legacy\documents\game projects\globalgamejam2015\debug\camera.obj
c:\users\template_legacy\documents\game projects\globalgamejam2015\debug\linearbullet.obj
c:\users\template_legacy\documents\game projects\globalgamejam2015\debug\main.obj
c:\users\template_legacy\documents\game projects\globalgamejam2015\debug\particle.obj
c:\users\template_legacy\documents\game projects\globalgamejam2015\debug\shader.obj
c:\users\template_legacy\documents\game projects\globalgamejam2015\debug\startpoint.obj
c:\users\template_legacy\documents\game projects\globalgamejam2015\debug\test.obj
c:\users\template_legacy\documents\game projects\globalgamejam2015\debug\tile.obj
c:\users\template_legacy\documents\game projects\globalgamejam2015\debug\world.obj
c:\users\template_legacy\documents\game projects\globalgamejam2015\debug\worldchunk.obj
c:\users\template_legacy\documents\game projects\globalgamejam2015\debug\arrowindicator.obj
c:\users\template_legacy\documents\game projects\globalgamejam2015\debug\flavortext.obj
c:\users\template_legacy\documents\game projects\globalgamejam2015\debug\player.obj
c:\users\template_legacy\documents\game projects\globalgamejam2015\debug\attackvector.pdb
c:\users\template_legacy\documents\game projects\globalgamejam2015\debug\attackvector.tlog\cl.command.1.tlog
c:\users\template_legacy\documents\game projects\globalgamejam2015\debug\attackvector.tlog\cl.read.1.tlog
c:\users\template_legacy\documents\game projects\globalgamejam2015\debug\attackvector.tlog\cl.write.1.tlog
c:\users\template_legacy\documents\game projects\globalgamejam2015\debug\attackvector.tlog\link-cvtres.read.1.tlog
c:\users\template_legacy\documents\game projects\globalgamejam2015\debug\attackvector.tlog\link-cvtres.write.1.tlog
c:\users\template_legacy\documents\game projects\globalgamejam2015\debug\attackvector.tlog\link-rc.read.1.tlog
c:\users\template_legacy\documents\game projects\globalgamejam2015\debug\attackvector.tlog\link-rc.write.1.tlog
c:\users\template_legacy\documents\game projects\globalgamejam2015\debug\attackvector.tlog\link.command.1.tlog
c:\users\template_legacy\documents\game projects\globalgamejam2015\debug\attackvector.tlog\link.read.1.tlog
c:\users\template_legacy\documents\game projects\globalgamejam2015\debug\attackvector.tlog\link.write.1.tlog
